This is XeTeX, Version 3.14159265-2.6-0.999991 (TeX Live 2019) (preloaded format=xelatex 2020.2.10)  11 MAY 2020 22:17
entering extended mode
 restricted \write18 enabled.
 file:line:error style messages enabled.
 %&-line parsing enabled.
**/Users/yue/Desktop/research/COURSE/linear/design_problem_linear/report_latex_folder/report
(/Users/yue/Desktop/research/COURSE/linear/design_problem_linear/report_latex_folder/report.tex
LaTeX2e <2018-12-01>
(/usr/local/texlive/2019/texmf-dist/tex/latex/base/article.cls
Document Class: article 2018/09/03 v1.4i Standard LaTeX document class
(/usr/local/texlive/2019/texmf-dist/tex/latex/base/size12.clo
File: size12.clo 2018/09/03 v1.4i Standard LaTeX file (size option)
)
\c@part=\count80
\c@section=\count81
\c@subsection=\count82
\c@subsubsection=\count83
\c@paragraph=\count84
\c@subparagraph=\count85
\c@figure=\count86
\c@table=\count87
\abovecaptionskip=\skip41
\belowcaptionskip=\skip42
\bibindent=\dimen102
) (/usr/local/texlive/2019/texmf-dist/tex/latex/here/here.sty) (/usr/local/texlive/2019/texmf-dist/tex/latex/float/float.sty
Package: float 2001/11/08 v1.3d Float enhancements (AL)
\c@float@type=\count88
\float@exts=\toks14
\float@box=\box27
\@float@everytoks=\toks15
\@floatcapt=\box28
) (/usr/local/texlive/2019/texmf-dist/tex/latex/tools/enumerate.sty
Package: enumerate 2015/07/23 v3.00 enumerate extensions (DPC)
\@enLab=\toks16
) (/usr/local/texlive/2019/texmf-dist/tex/latex/base/latexsym.sty
Package: latexsym 1998/08/17 v2.2e Standard LaTeX package (lasy symbols)
\symlasy=\mathgroup4
LaTeX Font Info:    Overwriting symbol font `lasy' in version `bold'
(Font)                  U/lasy/m/n --> U/lasy/b/n on input line 52.
) (/usr/local/texlive/2019/texmf-dist/tex/latex/amsmath/amsmath.sty
Package: amsmath 2018/12/01 v2.17b AMS math features
\@mathmargin=\skip43

For additional information on amsmath, use the `?' option.
(/usr/local/texlive/2019/texmf-dist/tex/latex/amsmath/amstext.sty
Package: amstext 2000/06/29 v2.01 AMS text
 (/usr/local/texlive/2019/texmf-dist/tex/latex/amsmath/amsgen.sty
File: amsgen.sty 1999/11/30 v2.0 generic functions
\@emptytoks=\toks17
\ex@=\dimen103
)) (/usr/local/texlive/2019/texmf-dist/tex/latex/amsmath/amsbsy.sty
Package: amsbsy 1999/11/29 v1.2d Bold Symbols
\pmbraise@=\dimen104
) (/usr/local/texlive/2019/texmf-dist/tex/latex/amsmath/amsopn.sty
Package: amsopn 2016/03/08 v2.02 operator names
)
\inf@bad=\count89
LaTeX Info: Redefining \frac on input line 223.
\uproot@=\count90
\leftroot@=\count91
LaTeX Info: Redefining \overline on input line 385.
\classnum@=\count92
\DOTSCASE@=\count93
LaTeX Info: Redefining \ldots on input line 482.
LaTeX Info: Redefining \dots on input line 485.
LaTeX Info: Redefining \cdots on input line 606.
\Mathstrutbox@=\box29
\strutbox@=\box30
\big@size=\dimen105
LaTeX Font Info:    Redeclaring font encoding OML on input line 729.
LaTeX Font Info:    Redeclaring font encoding OMS on input line 730.
\macc@depth=\count94
\c@MaxMatrixCols=\count95
\dotsspace@=\muskip10
\c@parentequation=\count96
\dspbrk@lvl=\count97
\tag@help=\toks18
\row@=\count98
\column@=\count99
\maxfields@=\count100
\andhelp@=\toks19
\eqnshift@=\dimen106
\alignsep@=\dimen107
\tagshift@=\dimen108
\tagwidth@=\dimen109
\totwidth@=\dimen110
\lineht@=\dimen111
\@envbody=\toks20
\multlinegap=\skip44
\multlinetaggap=\skip45
\mathdisplay@stack=\toks21
LaTeX Info: Redefining \[ on input line 2844.
LaTeX Info: Redefining \] on input line 2845.
) (/usr/local/texlive/2019/texmf-dist/tex/latex/amsfonts/amssymb.sty
Package: amssymb 2013/01/14 v3.01 AMS font symbols
 (/usr/local/texlive/2019/texmf-dist/tex/latex/amsfonts/amsfonts.sty
Package: amsfonts 2013/01/14 v3.01 Basic AMSFonts support
\symAMSa=\mathgroup5
\symAMSb=\mathgroup6
LaTeX Font Info:    Overwriting math alphabet `\mathfrak' in version `bold'
(Font)                  U/euf/m/n --> U/euf/b/n on input line 106.
)) (/usr/local/texlive/2019/texmf-dist/tex/latex/graphics/graphicx.sty
Package: graphicx 2017/06/01 v1.1a Enhanced LaTeX Graphics (DPC,SPQR)
 (/usr/local/texlive/2019/texmf-dist/tex/latex/graphics/keyval.sty
Package: keyval 2014/10/28 v1.15 key=value parser (DPC)
\KV@toks@=\toks22
) (/usr/local/texlive/2019/texmf-dist/tex/latex/graphics/graphics.sty
Package: graphics 2017/06/25 v1.2c Standard LaTeX Graphics (DPC,SPQR)
 (/usr/local/texlive/2019/texmf-dist/tex/latex/graphics/trig.sty
Package: trig 2016/01/03 v1.10 sin cos tan (DPC)
) (/usr/local/texlive/2019/texmf-dist/tex/latex/graphics-cfg/graphics.cfg
File: graphics.cfg 2016/06/04 v1.11 sample graphics configuration
)
Package graphics Info: Driver file: xetex.def on input line 99.
 (/usr/local/texlive/2019/texmf-dist/tex/latex/graphics-def/xetex.def
File: xetex.def 2017/06/24 v5.0h Graphics/color driver for xetex
))
\Gin@req@height=\dimen112
\Gin@req@width=\dimen113
)

/Users/yue/Desktop/research/COURSE/linear/design_problem_linear/report_latex_folder/report.tex:8: LaTeX Error: Option clash for package graphicx.

See the LaTeX manual or LaTeX Companion for explanation.
Type  H <return>  for immediate help.
 ...                                              
                                                  
l.8 \usepackage
               {subfig}
The package graphicx has already been loaded with options:
  []
There has now been an attempt to load it with options
  [demo]
Adding the global options:
  ,demo
to your \documentclass declaration may fix this.
Try typing  <return>  to proceed.

(/usr/local/texlive/2019/texmf-dist/tex/latex/subfig/subfig.sty
Package: subfig 2005/06/28 ver: 1.3 subfig package
 (/usr/local/texlive/2019/texmf-dist/tex/latex/caption/caption.sty
Package: caption 2018/10/06 v3.3-154 Customizing captions (AR)
 (/usr/local/texlive/2019/texmf-dist/tex/latex/caption/caption3.sty
Package: caption3 2018/09/12 v1.8c caption3 kernel (AR)
Package caption3 Info: TeX engine: e-TeX on input line 64.
\captionmargin=\dimen114
\captionmargin@=\dimen115
\captionwidth=\dimen116
\caption@tempdima=\dimen117
\caption@indent=\dimen118
\caption@parindent=\dimen119
\caption@hangindent=\dimen120
)
\c@caption@flags=\count101
\c@ContinuedFloat=\count102
Package caption Info: float package is loaded.
)
\c@KVtest=\count103
\sf@farskip=\skip46
\sf@captopadj=\dimen121
\sf@capskip=\skip47
\sf@nearskip=\skip48
\c@subfigure=\count104
\c@subfigure@save=\count105
\c@lofdepth=\count106
\c@subtable=\count107
\c@subtable@save=\count108
\c@lotdepth=\count109
\sf@top=\skip49
\sf@bottom=\skip50
) (/usr/local/texlive/2019/texmf-dist/tex/latex/oberdiek/epstopdf.sty
Package: epstopdf 2016/05/15 v2.6 Conversion with epstopdf on the fly (HO)
 (/usr/local/texlive/2019/texmf-dist/tex/latex/oberdiek/epstopdf-base.sty
Package: epstopdf-base 2016/05/15 v2.6 Base part for package epstopdf
 (/usr/local/texlive/2019/texmf-dist/tex/generic/oberdiek/infwarerr.sty
Package: infwarerr 2016/05/16 v1.4 Providing info/warning/error messages (HO)
) (/usr/local/texlive/2019/texmf-dist/tex/latex/oberdiek/grfext.sty
Package: grfext 2016/05/16 v1.2 Manage graphics extensions (HO)
 (/usr/local/texlive/2019/texmf-dist/tex/generic/oberdiek/kvdefinekeys.sty
Package: kvdefinekeys 2016/05/16 v1.4 Define keys (HO)
 (/usr/local/texlive/2019/texmf-dist/tex/generic/oberdiek/ltxcmds.sty
Package: ltxcmds 2016/05/16 v1.23 LaTeX kernel commands for general use (HO)
))) (/usr/local/texlive/2019/texmf-dist/tex/latex/oberdiek/kvoptions.sty
Package: kvoptions 2016/05/16 v3.12 Key value format for package options (HO)
 (/usr/local/texlive/2019/texmf-dist/tex/generic/oberdiek/kvsetkeys.sty
Package: kvsetkeys 2016/05/16 v1.17 Key value parser (HO)
 (/usr/local/texlive/2019/texmf-dist/tex/generic/oberdiek/etexcmds.sty
Package: etexcmds 2016/05/16 v1.6 Avoid name clashes with e-TeX commands (HO)
 (/usr/local/texlive/2019/texmf-dist/tex/generic/oberdiek/ifluatex.sty
Package: ifluatex 2016/05/16 v1.4 Provides the ifluatex switch (HO)
Package ifluatex Info: LuaTeX not detected.
)))) (/usr/local/texlive/2019/texmf-dist/tex/generic/oberdiek/pdftexcmds.sty
Package: pdftexcmds 2018/09/10 v0.29 Utility functions of pdfTeX for LuaTeX (HO)
 (/usr/local/texlive/2019/texmf-dist/tex/generic/oberdiek/ifpdf.sty
Package: ifpdf 2018/09/07 v3.3 Provides the ifpdf switch
)
Package pdftexcmds Info: LuaTeX not detected.
Package pdftexcmds Info: pdfTeX >= 1.30 not detected.
Package pdftexcmds Info: \pdf@primitive is available.
Package pdftexcmds Info: \pdf@ifprimitive is available.
Package pdftexcmds Info: \pdfdraftmode not found.
)

Package epstopdf Warning: Drivers other than `pdftex' and `luatex' are not supported.

)) (/usr/local/texlive/2019/texmf-dist/tex/latex/tools/bm.sty
Package: bm 2017/01/16 v1.2c Bold Symbol Support (DPC/FMi)
\symboldoperators=\mathgroup7
\symboldletters=\mathgroup8
\symboldsymbols=\mathgroup9
\symboldlasy=\mathgroup10
LaTeX Font Info:    Redeclaring math alphabet \mathbf on input line 141.
LaTeX Info: Redefining \bm on input line 207.
) (/usr/local/texlive/2019/texmf-dist/tex/latex/geometry/geometry.sty
Package: geometry 2018/04/16 v5.8 Page Geometry
 (/usr/local/texlive/2019/texmf-dist/tex/generic/oberdiek/ifvtex.sty
Package: ifvtex 2016/05/16 v1.6 Detect VTeX and its facilities (HO)
Package ifvtex Info: VTeX not detected.
) (/usr/local/texlive/2019/texmf-dist/tex/generic/ifxetex/ifxetex.sty
Package: ifxetex 2010/09/12 v0.6 Provides ifxetex conditional
)
\Gm@cnth=\count110
\Gm@cntv=\count111
\c@Gm@tempcnt=\count112
\Gm@bindingoffset=\dimen122
\Gm@wd@mp=\dimen123
\Gm@odd@mp=\dimen124
\Gm@even@mp=\dimen125
\Gm@layoutwidth=\dimen126
\Gm@layoutheight=\dimen127
\Gm@layouthoffset=\dimen128
\Gm@layoutvoffset=\dimen129
\Gm@dimlist=\toks23
) (/usr/local/texlive/2019/texmf-dist/tex/latex/listings/listings.sty
\lst@mode=\count113
\lst@gtempboxa=\box31
\lst@token=\toks24
\lst@length=\count114
\lst@currlwidth=\dimen130
\lst@column=\count115
\lst@pos=\count116
\lst@lostspace=\dimen131
\lst@width=\dimen132
\lst@newlines=\count117
\lst@lineno=\count118
\lst@maxwidth=\dimen133
 (/usr/local/texlive/2019/texmf-dist/tex/latex/listings/lstmisc.sty
File: lstmisc.sty 2019/02/27 1.8b (Carsten Heinz)
\c@lstnumber=\count119
\lst@skipnumbers=\count120
\lst@framebox=\box32
) (/usr/local/texlive/2019/texmf-dist/tex/latex/listings/listings.cfg
File: listings.cfg 2019/02/27 1.8b listings configuration
))
Package: listings 2019/02/27 1.8b (Carsten Heinz)
 (/usr/local/texlive/2019/texmf-dist/tex/latex/graphics/color.sty
Package: color 2016/07/10 v1.1e Standard LaTeX Color (DPC)
 (/usr/local/texlive/2019/texmf-dist/tex/latex/graphics-cfg/color.cfg
File: color.cfg 2016/01/02 v1.6 sample color configuration
)
Package color Info: Driver file: xetex.def on input line 147.
) (/usr/local/texlive/2019/texmf-dist/tex/latex/listings/lstlang1.sty
File: lstlang1.sty 2019/02/27 1.8b listings language file
)
No file report.aux.
\openout1 = `report.aux'.

LaTeX Font Info:    Checking defaults for OML/cmm/m/it on input line 41.
LaTeX Font Info:    ... okay on input line 41.
LaTeX Font Info:    Checking defaults for T1/cmr/m/n on input line 41.
LaTeX Font Info:    ... okay on input line 41.
LaTeX Font Info:    Checking defaults for OT1/cmr/m/n on input line 41.
LaTeX Font Info:    ... okay on input line 41.
LaTeX Font Info:    Checking defaults for OMS/cmsy/m/n on input line 41.
LaTeX Font Info:    ... okay on input line 41.
LaTeX Font Info:    Checking defaults for TU/lmr/m/n on input line 41.
LaTeX Font Info:    ... okay on input line 41.
LaTeX Font Info:    Checking defaults for OMX/cmex/m/n on input line 41.
LaTeX Font Info:    ... okay on input line 41.
LaTeX Font Info:    Checking defaults for U/cmr/m/n on input line 41.
LaTeX Font Info:    ... okay on input line 41.
Package caption Info: Begin \AtBeginDocument code.
Package caption Info: subfig package v1.3 is loaded.
Package caption Info: listings package is loaded.
Package caption Info: End \AtBeginDocument code.
*geometry* driver: auto-detecting
*geometry* detected driver: xetex
*geometry* verbose mode - [ preamble ] result:
* driver: xetex
* paper: a4paper
* layout: <same size as paper>
* layoutoffset:(h,v)=(0.0pt,0.0pt)
* modes: 
* h-part:(L,W,R)=(28.45274pt, 540.60239pt, 28.45274pt)
* v-part:(T,H,B)=(28.45274pt, 759.6886pt, 56.9055pt)
* \paperwidth=597.50787pt
* \paperheight=845.04684pt
* \textwidth=540.60239pt
* \textheight=759.6886pt
* \oddsidemargin=-43.81725pt
* \evensidemargin=-43.81725pt
* \topmargin=-80.81725pt
* \headheight=12.0pt
* \headsep=25.0pt
* \topskip=12.0pt
* \footskip=30.0pt
* \marginparwidth=35.0pt
* \marginparsep=10.0pt
* \columnsep=10.0pt
* \skip\footins=10.8pt plus 4.0pt minus 2.0pt
* \hoffset=0.0pt
* \voffset=0.0pt
* \mag=1000
* \@twocolumnfalse
* \@twosidefalse
* \@mparswitchfalse
* \@reversemarginfalse
* (1in=72.27pt=25.4mm, 1cm=28.453pt)

\c@lstlisting=\count121
LaTeX Font Info:    Try loading font information for U+lasy on input line 42.
(/usr/local/texlive/2019/texmf-dist/tex/latex/base/ulasy.fd
File: ulasy.fd 1998/08/17 v2.2e LaTeX symbol font definitions
)
LaTeX Font Info:    Try loading font information for U+msa on input line 42.
 (/usr/local/texlive/2019/texmf-dist/tex/latex/amsfonts/umsa.fd
File: umsa.fd 2013/01/14 v3.01 AMS symbols A
)
LaTeX Font Info:    Try loading font information for U+msb on input line 42.
 (/usr/local/texlive/2019/texmf-dist/tex/latex/amsfonts/umsb.fd
File: umsb.fd 2013/01/14 v3.01 AMS symbols B
)
LaTeX Font Info:    Font shape `U/lasy/b/n' in size <7> not available
(Font)              Font shape `U/lasy/m/n' tried instead on input line 42.
LaTeX Font Info:    Font shape `U/lasy/b/n' in size <8> not available
(Font)              Font shape `U/lasy/m/n' tried instead on input line 50.
LaTeX Font Info:    Font shape `U/lasy/b/n' in size <6> not available
(Font)              Font shape `U/lasy/m/n' tried instead on input line 50.

Overfull \hbox (57.35635pt too wide) in paragraph at lines 49--53
[] \TU/lmr/m/n/12 In this Unmanned Helicopter case. We consider 9 state space variable. There are three angle(Roll,Pitch,Yaw),three
 []


Underfull \hbox (badness 10000) in paragraph at lines 89--128

 []

[1

]
Missing character: There is no ； in font [lmroman12-regular]:mapping=tex-text;!
Missing character: There is no ： in font [lmroman12-regular]:mapping=tex-text;!
 [2]
File: phase_magnititude.png Graphic file (type bmp)
<phase_magnititude.png>

Overfull \hbox (28.45714pt too wide) in paragraph at lines 209--210
 [][] 
 []


Underfull \hbox (badness 10000) in paragraph at lines 167--212

 []


Overfull \hbox (26.3018pt too wide) in paragraph at lines 167--212
\OML/cmm/m/it/12 F \OT1/cmr/m/n/12 = 1\OML/cmm/m/it/12 :\OT1/cmr/m/n/12 0\OML/cmm/m/it/12 e \OT1/cmr/m/n/12 + 04 \OMS/cmsy/m/n/12 ^^C []$\TU/lmr/m/n/12 ; 
 []


Underfull \hbox (badness 10000) in paragraph at lines 167--212

 []


Underfull \hbox (badness 10000) in paragraph at lines 167--212

 []


Underfull \hbox (badness 10000) in paragraph at lines 167--212

 []


Underfull \hbox (badness 10000) in paragraph at lines 167--212

 []

[3]
Underfull \hbox (badness 10000) in paragraph at lines 214--233

 []

[4]
Missing character: There is no ： in font [lmroman12-regular]:mapping=tex-text;!

Underfull \hbox (badness 10000) in paragraph at lines 240--320

 []


Overfull \hbox (72.69226pt too wide) in paragraph at lines 240--320
\OML/cmm/m/it/12 Ack \OT1/cmr/m/n/12 = 1\OML/cmm/m/it/12 :\OT1/cmr/m/n/12 0\OML/cmm/m/it/12 e \OT1/cmr/m/n/12 + 04 \OMS/cmsy/m/n/12 ^^C []$\TU/lmr/m/n/12 ; 
 []


Underfull \hbox (badness 10000) in paragraph at lines 240--320

 []


Underfull \hbox (badness 10000) in paragraph at lines 240--320

 []


Underfull \hbox (badness 10000) in paragraph at lines 240--320

 []

[5]
Overfull \hbox (103.48709pt too wide) in paragraph at lines 321--375
[] [] $\TU/lmr/m/n/12 ; 
 []


Underfull \hbox (badness 10000) in paragraph at lines 321--375

 []


Underfull \hbox (badness 10000) in paragraph at lines 321--375

 []

[6]
File: block_diagram.png Graphic file (type bmp)
<block_diagram.png>

Overfull \hbox (28.4734pt too wide) in paragraph at lines 384--385
 [][] 
 []


Underfull \hbox (badness 10000) in paragraph at lines 380--387

 []

[7]
File: state_18.png Graphic file (type bmp)
<state_18.png>

Overfull \hbox (28.45712pt too wide) in paragraph at lines 392--393
 [][] 
 []


Underfull \hbox (badness 10000) in paragraph at lines 389--395

 []

File: state_output.png Graphic file (type bmp)
<state_output.png>

Overfull \hbox (28.45712pt too wide) in paragraph at lines 399--400
 [][] 
 []

[8]
File: pha.png Graphic file (type bmp)
<pha.png>
File: pha_err.png Graphic file (type bmp)
<pha_err.png>

Underfull \hbox (badness 10000) in paragraph at lines 403--411

 []

File: pha_output.png Graphic file (type bmp)
<pha_output.png>
File: theta.png Graphic file (type bmp)
<theta.png>
File: theta_err.png Graphic file (type bmp)
<theta_err.png>
[9]
File: theta_out.png Graphic file (type bmp)
<theta_out.png>
 [10]
File: p.png Graphic file (type bmp)
<p.png>
File: p_err.png Graphic file (type bmp)
<p_err.png>
File: p_o.png Graphic file (type bmp)
<p_o.png>
File: q.png Graphic file (type bmp)
<q.png>
File: q_err.png Graphic file (type bmp)
<q_err.png>
 [11]
File: q_o.png Graphic file (type bmp)
<q_o.png>
File: as.png Graphic file (type bmp)
<as.png>
File: as_err.png Graphic file (type bmp)
<as_err.png>
 [12]
File: as_o.png Graphic file (type bmp)
<as_o.png>
File: bs.png Graphic file (type bmp)
<bs.png>
File: bs_err.png Graphic file (type bmp)
<bs_err.png>
 [13]
File: bs_o.png Graphic file (type bmp)
<bs_o.png>
File: r.png Graphic file (type bmp)
<r.png>
File: r_err.png Graphic file (type bmp)
<r_err.png>
 [14]
File: r_o.png Graphic file (type bmp)
<r_o.png>
File: deta.png Graphic file (type bmp)
<deta.png>
File: deta_err.png Graphic file (type bmp)
<deta_err.png>
 [15]
File: deta_o.png Graphic file (type bmp)
<deta_o.png>
File: phi.png Graphic file (type bmp)
<phi.png>
File: phi_err.png Graphic file (type bmp)
<phi_err.png>
 [16]
File: phi_o.png Graphic file (type bmp)
<phi_o.png>
 [17]
/Users/yue/Desktop/research/COURSE/linear/design_problem_linear/report_latex_folder/report.tex:536: Misplaced alignment tab character &.
<recently read> &
                 
l.536 ...stem Theory and Design, Holt, Rinehart $&
                                                  $ Winston, 1984
I can't figure out why you would want to use a tab mark
here. If you just want an ampersand, the remedy is
simple: Just type `I\&' now. But if some right brace
up above has ended a previous alignment prematurely,
you're probably due for more error messages, and you
might try typing `S' now just to see what is salvageable.

[18] (./report.aux)

LaTeX Warning: Label(s) may have changed. Rerun to get cross-references right.

 )
(\end occurred when \ifx on line 161 was incomplete) 
Here is how much of TeX's memory you used:
 5923 strings out of 492916
 86135 string characters out of 6133345
 384154 words of memory out of 5000000
 9841 multiletter control sequences out of 15000+600000
 17440 words of font info for 79 fonts, out of 8000000 for 9000
 1348 hyphenation exceptions out of 8191
 44i,15n,49p,412b,1627s stack positions out of 5000i,500n,10000p,200000b,80000s

Output written on report.pdf (18 pages).
